Using pre-set license
Built from '2022.3/staging' branch; Version is '2022.3.1f1 (f18e0c1b5784) revision 15830540'; Using compiler version '192829333'; Build Type 'Release'
OS: 'Windows 11  (10.0.22621) 64bit Education' Language: 'en' Physical Memory: 16295 MB
BatchMode: 1, IsHumanControllingUs: 0, StartBugReporterOnCrash: 0, Is64bit: 1, IsPro: 1

COMMAND LINE ARGUMENTS:
C:\Program Files\Unity\Hub\Editor\2022.3.1f1\Editor\Unity.exe
-adb2
-batchMode
-noUpm
-name
AssetImportWorker1
-projectPath
C:/Unity Projects/Fantasy Zombie Slayer
-logFile
Logs/AssetImportWorker1.log
-srvPort
52003
Successfully changed project path to: C:/Unity Projects/Fantasy Zombie Slayer
C:/Unity Projects/Fantasy Zombie Slayer
[UnityMemory] Configuration Parameters - Can be set up in boot.config
    "memorysetup-bucket-allocator-granularity=16"
    "memorysetup-bucket-allocator-bucket-count=8"
    "memorysetup-bucket-allocator-block-size=33554432"
    "memorysetup-bucket-allocator-block-count=8"
    "memorysetup-main-allocator-block-size=16777216"
    "memorysetup-thread-allocator-block-size=16777216"
    "memorysetup-gfx-main-allocator-block-size=16777216"
    "memorysetup-gfx-thread-allocator-block-size=16777216"
    "memorysetup-cache-allocator-block-size=4194304"
    "memorysetup-typetree-allocator-block-size=2097152"
    "memorysetup-profiler-bucket-allocator-granularity=16"
    "memorysetup-profiler-bucket-allocator-bucket-count=8"
    "memorysetup-profiler-bucket-allocator-block-size=33554432"
    "memorysetup-profiler-bucket-allocator-block-count=8"
    "memorysetup-profiler-allocator-block-size=16777216"
    "memorysetup-profiler-editor-allocator-block-size=1048576"
    "memorysetup-temp-allocator-size-main=16777216"
    "memorysetup-job-temp-allocator-block-size=2097152"
    "memorysetup-job-temp-allocator-block-size-background=1048576"
    "memorysetup-job-temp-allocator-reduction-small-platforms=262144"
    "memorysetup-allocator-temp-initial-block-size-main=262144"
    "memorysetup-allocator-temp-initial-block-size-worker=262144"
    "memorysetup-temp-allocator-size-background-worker=32768"
    "memorysetup-temp-allocator-size-job-worker=262144"
    "memorysetup-temp-allocator-size-preload-manager=33554432"
    "memorysetup-temp-allocator-size-nav-mesh-worker=65536"
    "memorysetup-temp-allocator-size-audio-worker=65536"
    "memorysetup-temp-allocator-size-cloud-worker=32768"
    "memorysetup-temp-allocator-size-gi-baking-worker=262144"
    "memorysetup-temp-allocator-size-gfx=262144"
Player connection [10684] Host "[IP] 192.168.158.156 [Port] 0 [Flags] 2 [Guid] 1130977194 [EditorId] 1130977194 [Version] 1048832 [Id] WindowsEditor(7,DESKTOP-2GPMIE7) [Debug] 1 [PackageName] WindowsEditor [ProjectName] Editor" joined multi-casting on [225.0.0.222:54997]...

Player connection [10684] Host "[IP] 192.168.158.156 [Port] 0 [Flags] 2 [Guid] 1130977194 [EditorId] 1130977194 [Version] 1048832 [Id] WindowsEditor(7,DESKTOP-2GPMIE7) [Debug] 1 [PackageName] WindowsEditor [ProjectName] Editor" joined alternative multi-casting on [225.0.0.222:34997]...

Refreshing native plugins compatible for Editor in 17.46 ms, found 4 plugins.
Preloading 0 native plugins for Editor in 0.00 ms.
Initialize engine version: 2022.3.1f1 (f18e0c1b5784)
[Subsystems] Discovering subsystems at path C:/Program Files/Unity/Hub/Editor/2022.3.1f1/Editor/Data/Resources/UnitySubsystems
[Subsystems] Discovering subsystems at path C:/Unity Projects/Fantasy Zombie Slayer/Assets
GfxDevice: creating device client; threaded=0; jobified=0
Direct3D:
    Version:  Direct3D 11.0 [level 11.1]
    Renderer: NVIDIA GeForce RTX 2060 (ID=0x1f11)
    Vendor:   NVIDIA
    VRAM:     5968 MB
    Driver:   31.0.15.3598
Initialize mono
Mono path[0] = 'C:/Program Files/Unity/Hub/Editor/2022.3.1f1/Editor/Data/Managed'
Mono path[1] = 'C:/Program Files/Unity/Hub/Editor/2022.3.1f1/Editor/Data/MonoBleedingEdge/lib/mono/unityjit-win32'
Mono config path = 'C:/Program Files/Unity/Hub/Editor/2022.3.1f1/Editor/Data/MonoBleedingEdge/etc'
Using monoOptions --debugger-agent=transport=dt_socket,embedding=1,server=y,suspend=n,address=127.0.0.1:56380
Begin MonoManager ReloadAssembly
Registering precompiled unity dll's ...
Register platform support module: C:/Program Files/Unity/Hub/Editor/2022.3.1f1/Editor/Data/PlaybackEngines/WindowsStandaloneSupport/UnityEditor.WindowsStandalone.Extensions.dll
Registered in 0.009186 seconds.
- Loaded All Assemblies, in  0.483 seconds
Native extension for WindowsStandalone target not found
Mono: successfully reloaded assembly
- Finished resetting the current domain, in  0.426 seconds
Domain Reload Profiling: 907ms
	BeginReloadAssembly (137ms)
		ExecutionOrderSort (0ms)
		DisableScriptedObjects (0ms)
		BackupInstance (0ms)
		ReleaseScriptingObjects (0ms)
		CreateAndSetChildDomain (1ms)
	RebuildCommonClasses (49ms)
	RebuildNativeTypeToScriptingClass (15ms)
	initialDomainReloadingComplete (82ms)
	LoadAllAssembliesAndSetupDomain (198ms)
		LoadAssemblies (135ms)
		RebuildTransferFunctionScriptingTraits (0ms)
		AnalyzeDomain (191ms)
			TypeCache.Refresh (190ms)
				TypeCache.ScanAssembly (173ms)
			ScanForSourceGeneratedMonoScriptInfo (0ms)
			ResolveRequiredComponents (1ms)
	FinalizeReload (426ms)
		ReleaseScriptCaches (0ms)
		RebuildScriptCaches (0ms)
		SetupLoadedEditorAssemblies (318ms)
			LogAssemblyErrors (0ms)
			InitializePlatformSupportModulesInManaged (14ms)
			SetLoadedEditorAssemblies (11ms)
			RefreshPlugins (0ms)
			BeforeProcessingInitializeOnLoad (4ms)
			ProcessInitializeOnLoadAttributes (216ms)
			ProcessInitializeOnLoadMethodAttributes (74ms)
			AfterProcessingInitializeOnLoad (0ms)
			EditorAssembliesLoaded (0ms)
		ExecutionOrderSort2 (0ms)
		AwakeInstancesAfterBackupRestoration (0ms)
========================================================================
Worker process is ready to serve import requests
Begin MonoManager ReloadAssembly
- Loaded All Assemblies, in  1.396 seconds
Refreshing native plugins compatible for Editor in 7.31 ms, found 4 plugins.
Native extension for WindowsStandalone target not found
Mono: successfully reloaded assembly
- Finished resetting the current domain, in  1.210 seconds
Domain Reload Profiling: 2603ms
	BeginReloadAssembly (198ms)
		ExecutionOrderSort (0ms)
		DisableScriptedObjects (11ms)
		BackupInstance (0ms)
		ReleaseScriptingObjects (0ms)
		CreateAndSetChildDomain (25ms)
	RebuildCommonClasses (49ms)
	RebuildNativeTypeToScriptingClass (17ms)
	initialDomainReloadingComplete (59ms)
	LoadAllAssembliesAndSetupDomain (1070ms)
		LoadAssemblies (503ms)
		RebuildTransferFunctionScriptingTraits (0ms)
		AnalyzeDomain (664ms)
			TypeCache.Refresh (580ms)
				TypeCache.ScanAssembly (563ms)
			ScanForSourceGeneratedMonoScriptInfo (59ms)
			ResolveRequiredComponents (24ms)
	FinalizeReload (1211ms)
		ReleaseScriptCaches (0ms)
		RebuildScriptCaches (0ms)
		SetupLoadedEditorAssemblies (902ms)
			LogAssemblyErrors (0ms)
			InitializePlatformSupportModulesInManaged (10ms)
			SetLoadedEditorAssemblies (10ms)
			RefreshPlugins (0ms)
			BeforeProcessingInitializeOnLoad (158ms)
			ProcessInitializeOnLoadAttributes (573ms)
			ProcessInitializeOnLoadMethodAttributes (140ms)
			AfterProcessingInitializeOnLoad (10ms)
			EditorAssembliesLoaded (0ms)
		ExecutionOrderSort2 (0ms)
		AwakeInstancesAfterBackupRestoration (13ms)
Launched and connected shader compiler UnityShaderCompiler.exe after 0.08 seconds
Refreshing native plugins compatible for Editor in 11.33 ms, found 4 plugins.
Preloading 0 native plugins for Editor in 0.00 ms.
Unloading 6587 Unused Serialized files (Serialized files now loaded: 0)
Unloading 126 unused Assets / (1.1 MB). Loaded Objects now: 7035.
Memory consumption went from 244.6 MB to 243.5 MB.
Total: 8.425700 ms (FindLiveObjects: 0.736300 ms CreateObjectMapping: 0.826600 ms MarkObjects: 6.010000 ms  DeleteObjects: 0.851200 ms)

AssetImportParameters requested are different than current active one (requested -> active):
  custom:container-demuxer-ogg: 62fdf1f143b41e24485cea50d1cbac27 -> 
  custom:framework-win-MediaFoundation: 216162199b28c13a410421893ffa2e32 -> 
  custom:container-muxer-webm: aa71ff27fc2769a1b78a27578f13a17b -> 
  custom:video-decoder-webm-vp8: 9c59270c3fd7afecdb556c50c9e8de78 -> 
  custom:AudioImporter_EditorPlatform: d09bf68614088b80899f8185d706f6e7 -> 
  custom:audio-decoder-ogg-vorbis: bf7c407c2cedff20999df2af8eb42d56 -> 
  custom:audio-encoder-webm-vorbis: bf7c407c2cedff20999df2af8eb42d56 -> 
  custom:video-codec-MediaFoundation-h265: 746d11721c4dcdbdad8f713fa42b33f4 -> 
  custom:video-decoder-ogg-theora: a1e56fd34408186e4bbccfd4996cb3dc -> 
  custom:container-demuxer-webm: 4f35f7cbe854078d1ac9338744f61a02 -> 
  custom:video-encoder-webm-vp8: eb34c28f22e8b96e1ab97ce403110664 -> 
========================================================================
Received Prepare
Begin MonoManager ReloadAssembly
- Loaded All Assemblies, in  1.356 seconds
Refreshing native plugins compatible for Editor in 8.65 ms, found 4 plugins.
Native extension for WindowsStandalone target not found
Mono: successfully reloaded assembly
- Finished resetting the current domain, in  2.264 seconds
Domain Reload Profiling: 3616ms
	BeginReloadAssembly (255ms)
		ExecutionOrderSort (0ms)
		DisableScriptedObjects (22ms)
		BackupInstance (0ms)
		ReleaseScriptingObjects (0ms)
		CreateAndSetChildDomain (67ms)
	RebuildCommonClasses (65ms)
	RebuildNativeTypeToScriptingClass (18ms)
	initialDomainReloadingComplete (64ms)
	LoadAllAssembliesAndSetupDomain (949ms)
		LoadAssemblies (478ms)
		RebuildTransferFunctionScriptingTraits (0ms)
		AnalyzeDomain (572ms)
			TypeCache.Refresh (538ms)
				TypeCache.ScanAssembly (518ms)
			ScanForSourceGeneratedMonoScriptInfo (12ms)
			ResolveRequiredComponents (23ms)
	FinalizeReload (2265ms)
		ReleaseScriptCaches (0ms)
		RebuildScriptCaches (0ms)
		SetupLoadedEditorAssemblies (902ms)
			LogAssemblyErrors (0ms)
			InitializePlatformSupportModulesInManaged (7ms)
			SetLoadedEditorAssemblies (8ms)
			RefreshPlugins (0ms)
			BeforeProcessingInitializeOnLoad (157ms)
			ProcessInitializeOnLoadAttributes (600ms)
			ProcessInitializeOnLoadMethodAttributes (120ms)
			AfterProcessingInitializeOnLoad (8ms)
			EditorAssembliesLoaded (0ms)
		ExecutionOrderSort2 (0ms)
		AwakeInstancesAfterBackupRestoration (25ms)
Refreshing native plugins compatible for Editor in 8.08 ms, found 4 plugins.
Preloading 0 native plugins for Editor in 0.00 ms.
Unloading 6428 Unused Serialized files (Serialized files now loaded: 0)
Unloading 68 unused Assets / (1.1 MB). Loaded Objects now: 7054.
Memory consumption went from 216.3 MB to 215.3 MB.
Total: 5.960100 ms (FindLiveObjects: 0.589000 ms CreateObjectMapping: 0.762500 ms MarkObjects: 4.066500 ms  DeleteObjects: 0.540800 ms)

Prepare: number of updated asset objects reloaded= 0
AssetImportParameters requested are different than current active one (requested -> active):
  custom:container-demuxer-ogg: 62fdf1f143b41e24485cea50d1cbac27 -> 
  custom:framework-win-MediaFoundation: 216162199b28c13a410421893ffa2e32 -> 
  custom:container-muxer-webm: aa71ff27fc2769a1b78a27578f13a17b -> 
  custom:video-decoder-webm-vp8: 9c59270c3fd7afecdb556c50c9e8de78 -> 
  custom:AudioImporter_EditorPlatform: d09bf68614088b80899f8185d706f6e7 -> 
  custom:audio-decoder-ogg-vorbis: bf7c407c2cedff20999df2af8eb42d56 -> 
  custom:audio-encoder-webm-vorbis: bf7c407c2cedff20999df2af8eb42d56 -> 
  custom:video-codec-MediaFoundation-h265: 746d11721c4dcdbdad8f713fa42b33f4 -> 
  custom:video-decoder-ogg-theora: a1e56fd34408186e4bbccfd4996cb3dc -> 
  custom:container-demuxer-webm: 4f35f7cbe854078d1ac9338744f61a02 -> 
  custom:video-encoder-webm-vp8: eb34c28f22e8b96e1ab97ce403110664 -> 
========================================================================
Received Import Request.
  Time since last request: 4069.299172 seconds.
  path: Assets/Scenes/SampleScene.unity
  artifactKey: Guid(8c9cfa26abfee488c85f1582747f6a02) Importer(2089858483,0ecaa5967403d082aa24f35e1b516d23)
Start importing Assets/Scenes/SampleScene.unity using Guid(8c9cfa26abfee488c85f1582747f6a02) Importer(2089858483,0ecaa5967403d082aa24f35e1b516d23)  -> (artifact id: '9a6dbd762872d6976665ea956d72ad97') in 0.236919 seconds
Number of updated asset objects reloaded before import = 0
Number of asset objects unloaded after import = 1
========================================================================
Received Import Request.
  Time since last request: 0.000025 seconds.
  path: Assets/Settings/Renderer2D.asset
  artifactKey: Guid(424799608f7334c24bf367e4bbfa7f9a) Importer(2089858483,0ecaa5967403d082aa24f35e1b516d23)
Start importing Assets/Settings/Renderer2D.asset using Guid(424799608f7334c24bf367e4bbfa7f9a) Importer(2089858483,0ecaa5967403d082aa24f35e1b516d23)  -> (artifact id: '1b7a14793425c125d93643179ac29aea') in 0.075859 seconds
Number of updated asset objects reloaded before import = 0
Number of asset objects unloaded after import = 1
========================================================================
Received Import Request.
  Time since last request: 0.000094 seconds.
  path: Assets/Settings/Lit2DSceneTemplate.scenetemplate
  artifactKey: Guid(d03ed43fc9d8a4f2e9fa70c1c7916eb9) Importer(2089858483,0ecaa5967403d082aa24f35e1b516d23)
Start importing Assets/Settings/Lit2DSceneTemplate.scenetemplate using Guid(d03ed43fc9d8a4f2e9fa70c1c7916eb9) Importer(2089858483,0ecaa5967403d082aa24f35e1b516d23)  -> (artifact id: '4ec6727f3ed6e5f0534d1a682fd83e5b') in 0.066314 seconds
Number of updated asset objects reloaded before import = 0
Number of asset objects unloaded after import = 4
========================================================================
Received Prepare
Refreshing native plugins compatible for Editor in 4.59 ms, found 4 plugins.
Preloading 0 native plugins for Editor in 0.00 ms.
Unloading 100 Unused Serialized files (Serialized files now loaded: 0)
Unloading 21 unused Assets / (1.0 MB). Loaded Objects now: 7133.
Memory consumption went from 118.6 MB to 117.5 MB.
Total: 5.895100 ms (FindLiveObjects: 0.554600 ms CreateObjectMapping: 0.631500 ms MarkObjects: 3.965200 ms  DeleteObjects: 0.742100 ms)

Prepare: number of updated asset objects reloaded= 0
AssetImportParameters requested are different than current active one (requested -> active):
  custom:container-demuxer-ogg: 62fdf1f143b41e24485cea50d1cbac27 -> 
  custom:framework-win-MediaFoundation: 216162199b28c13a410421893ffa2e32 -> 
  custom:container-muxer-webm: aa71ff27fc2769a1b78a27578f13a17b -> 
  custom:video-decoder-webm-vp8: 9c59270c3fd7afecdb556c50c9e8de78 -> 
  custom:SearchIndexIgnoredProperties: e643bd26f0fe6173181afceb89e7c659 -> 
  custom:AudioImporter_EditorPlatform: d09bf68614088b80899f8185d706f6e7 -> 
  custom:audio-decoder-ogg-vorbis: bf7c407c2cedff20999df2af8eb42d56 -> 
  custom:audio-encoder-webm-vorbis: bf7c407c2cedff20999df2af8eb42d56 -> 
  custom:video-codec-MediaFoundation-h265: 746d11721c4dcdbdad8f713fa42b33f4 -> 
  custom:video-decoder-ogg-theora: a1e56fd34408186e4bbccfd4996cb3dc -> 
  custom:container-demuxer-webm: 4f35f7cbe854078d1ac9338744f61a02 -> 
  custom:video-encoder-webm-vp8: eb34c28f22e8b96e1ab97ce403110664 -> 
========================================================================
Received Import Request.
  Time since last request: 18.295782 seconds.
  path: Assets/Unity.VisualScripting.Generated/VisualScripting.Core/Property Providers/Editor/PropertyProvider_UnityEngine_InputSystem_PlayerInput_DeviceLostEvent.cs
  artifactKey: Guid(34a19e6c3419aaf4691ea1d8c102e52a) Importer(2089858483,0ecaa5967403d082aa24f35e1b516d23)
Start importing Assets/Unity.VisualScripting.Generated/VisualScripting.Core/Property Providers/Editor/PropertyProvider_UnityEngine_InputSystem_PlayerInput_DeviceLostEvent.cs using Guid(34a19e6c3419aaf4691ea1d8c102e52a) Importer(2089858483,0ecaa5967403d082aa24f35e1b516d23)  -> (artifact id: '52fd4a05a8c38711eff51b4f04b78069') in 0.025521 seconds
Number of updated asset objects reloaded before import = 0
Number of asset objects unloaded after import = 1
========================================================================
Received Import Request.
  Time since last request: 0.000022 seconds.
  path: Assets/Unity.VisualScripting.Generated/VisualScripting.Core/Property Providers/Editor/PropertyProvider_Cinemachine_CinemachineBrain_BrainEvent.cs
  artifactKey: Guid(7c96f057758977e409b4c0fbd22a379a) Importer(2089858483,0ecaa5967403d082aa24f35e1b516d23)
Start importing Assets/Unity.VisualScripting.Generated/VisualScripting.Core/Property Providers/Editor/PropertyProvider_Cinemachine_CinemachineBrain_BrainEvent.cs using Guid(7c96f057758977e409b4c0fbd22a379a) Importer(2089858483,0ecaa5967403d082aa24f35e1b516d23)  -> (artifact id: '075193c552a9507560c57cb2e015494b') in 0.018254 seconds
Number of updated asset objects reloaded before import = 0
Number of asset objects unloaded after import = 1
========================================================================
Received Import Request.
  Time since last request: 0.000048 seconds.
  path: Assets/Unity.VisualScripting.Generated/VisualScripting.Core/Property Providers/PropertyProvider_TMPro_TMP_Style.cs
  artifactKey: Guid(868c08ebdca58484ea7a6e6512dfc26c) Importer(2089858483,0ecaa5967403d082aa24f35e1b516d23)
Start importing Assets/Unity.VisualScripting.Generated/VisualScripting.Core/Property Providers/PropertyProvider_TMPro_TMP_Style.cs using Guid(868c08ebdca58484ea7a6e6512dfc26c) Importer(2089858483,0ecaa5967403d082aa24f35e1b516d23)  -> (artifact id: '10d7f5aca128698db49a3ad4678eb4ad') in 0.015782 seconds
Number of updated asset objects reloaded before import = 0
Number of asset objects unloaded after import = 1
========================================================================
Received Import Request.
  Time since last request: 0.000023 seconds.
  path: Assets/Unity.VisualScripting.Generated/VisualScripting.Core/Property Providers/Editor/PropertyProvider_UnityEngine_ProBuilder_Shapes_Cube.cs
  artifactKey: Guid(4ebc7d045ad074c42a06a73412fa2b2f) Importer(2089858483,0ecaa5967403d082aa24f35e1b516d23)
Start importing Assets/Unity.VisualScripting.Generated/VisualScripting.Core/Property Providers/Editor/PropertyProvider_UnityEngine_ProBuilder_Shapes_Cube.cs using Guid(4ebc7d045ad074c42a06a73412fa2b2f) Importer(2089858483,0ecaa5967403d082aa24f35e1b516d23)  -> (artifact id: 'e6a1d2a0356ceceaad30314e5ec91709') in 0.015325 seconds
Number of updated asset objects reloaded before import = 0
Number of asset objects unloaded after import = 1
========================================================================
Received Import Request.
  Time since last request: 0.000027 seconds.
  path: Assets/Unity.VisualScripting.Generated/VisualScripting.Core/Property Providers/PropertyProvider_TMPro_TMP_InputField_TouchScreenKeyboardEvent.cs
  artifactKey: Guid(c5e96a8bff44ea540973a189fb4c0948) Importer(2089858483,0ecaa5967403d082aa24f35e1b516d23)
Start importing Assets/Unity.VisualScripting.Generated/VisualScripting.Core/Property Providers/PropertyProvider_TMPro_TMP_InputField_TouchScreenKeyboardEvent.cs using Guid(c5e96a8bff44ea540973a189fb4c0948) Importer(2089858483,0ecaa5967403d082aa24f35e1b516d23)  -> (artifact id: '17b85e30f7bc309d5e4320e724699f00') in 0.019890 seconds
Number of updated asset objects reloaded before import = 0
Number of asset objects unloaded after import = 1
========================================================================
Received Import Request.
  Time since last request: 0.000037 seconds.
  path: Assets/Unity.VisualScripting.Generated/VisualScripting.Core/Property Providers/PropertyProvider_UnityEngine_TextCore_Text_UnicodeLineBreakingRules.cs
  artifactKey: Guid(4a7421960ead2974e86512fa6521ba21) Importer(2089858483,0ecaa5967403d082aa24f35e1b516d23)
Start importing Assets/Unity.VisualScripting.Generated/VisualScripting.Core/Property Providers/PropertyProvider_UnityEngine_TextCore_Text_UnicodeLineBreakingRules.cs using Guid(4a7421960ead2974e86512fa6521ba21) Importer(2089858483,0ecaa5967403d082aa24f35e1b516d23)  -> (artifact id: '754a4437cb296d7b356c55b79c8519e8') in 0.017372 seconds
Number of updated asset objects reloaded before import = 0
Number of asset objects unloaded after import = 1
========================================================================
Received Import Request.
  Time since last request: 0.000022 seconds.
  path: Assets/Unity.VisualScripting.Generated/VisualScripting.Core/Property Providers/PropertyProvider_UnityEngine_UI_FontData.cs
  artifactKey: Guid(f2405ece4d64d934f872a600669eef82) Importer(2089858483,0ecaa5967403d082aa24f35e1b516d23)
Start importing Assets/Unity.VisualScripting.Generated/VisualScripting.Core/Property Providers/PropertyProvider_UnityEngine_UI_FontData.cs using Guid(f2405ece4d64d934f872a600669eef82) Importer(2089858483,0ecaa5967403d082aa24f35e1b516d23)  -> (artifact id: '5e500cbe97bcafc2880363efbe89ee6d') in 0.024511 seconds
Number of updated asset objects reloaded before import = 0
Number of asset objects unloaded after import = 1
========================================================================
Received Import Request.
  Time since last request: 0.000040 seconds.
  path: Assets/Unity.VisualScripting.Generated/VisualScripting.Core/Property Providers/Editor/PropertyProvider_UnityEngine_ProBuilder_Shapes_Sprite.cs
  artifactKey: Guid(00ac22b9bd7387a41b471a22edcade52) Importer(2089858483,0ecaa5967403d082aa24f35e1b516d23)
Start importing Assets/Unity.VisualScripting.Generated/VisualScripting.Core/Property Providers/Editor/PropertyProvider_UnityEngine_ProBuilder_Shapes_Sprite.cs using Guid(00ac22b9bd7387a41b471a22edcade52) Importer(2089858483,0ecaa5967403d082aa24f35e1b516d23)  -> (artifact id: '6453e713a5a51c3863a5f96f787b8d36') in 0.022332 seconds
Number of updated asset objects reloaded before import = 0
Number of asset objects unloaded after import = 1
========================================================================
Received Import Request.
  Time since last request: 0.000033 seconds.
  path: Assets/Unity.VisualScripting.Generated/VisualScripting.Core/Property Providers/Editor/PropertyProvider_UnityEngine_InputSystem_PlayerInputManager_PlayerLeftEvent.cs
  artifactKey: Guid(7747c3e5aa034f449bdeeefa5fc3d5b3) Importer(2089858483,0ecaa5967403d082aa24f35e1b516d23)
Start importing Assets/Unity.VisualScripting.Generated/VisualScripting.Core/Property Providers/Editor/PropertyProvider_UnityEngine_InputSystem_PlayerInputManager_PlayerLeftEvent.cs using Guid(7747c3e5aa034f449bdeeefa5fc3d5b3) Importer(2089858483,0ecaa5967403d082aa24f35e1b516d23)  -> (artifact id: '396e568fa3835eae0b84ab2a65b2b222') in 0.015917 seconds
Number of updated asset objects reloaded before import = 0
Number of asset objects unloaded after import = 1
========================================================================
Received Import Request.
  Time since last request: 0.000022 seconds.
  path: Assets/Unity.VisualScripting.Generated/VisualScripting.Core/Property Providers/PropertyProvider_TMPro_TMP_InputField_TextSelectionEvent.cs
  artifactKey: Guid(d228e52b52573dc40872d1d9b5097a4c) Importer(2089858483,0ecaa5967403d082aa24f35e1b516d23)
Start importing Assets/Unity.VisualScripting.Generated/VisualScripting.Core/Property Providers/PropertyProvider_TMPro_TMP_InputField_TextSelectionEvent.cs using Guid(d228e52b52573dc40872d1d9b5097a4c) Importer(2089858483,0ecaa5967403d082aa24f35e1b516d23)  -> (artifact id: 'ad32afe1ce4e66bdefdc0a5e82611fed') in 0.016438 seconds
Number of updated asset objects reloaded before import = 0
Number of asset objects unloaded after import = 1
========================================================================
Received Import Request.
  Time since last request: 0.000163 seconds.
  path: Assets/Unity.VisualScripting.Generated/VisualScripting.Core/Property Providers/PropertyProvider_UnityEngine_UI_ScrollRect_ScrollRectEvent.cs
  artifactKey: Guid(2a5078d0c8354194fa429cc23650a555) Importer(2089858483,0ecaa5967403d082aa24f35e1b516d23)
Start importing Assets/Unity.VisualScripting.Generated/VisualScripting.Core/Property Providers/PropertyProvider_UnityEngine_UI_ScrollRect_ScrollRectEvent.cs using Guid(2a5078d0c8354194fa429cc23650a555) Importer(2089858483,0ecaa5967403d082aa24f35e1b516d23)  -> (artifact id: '4b7034927b9e7f63fd0502758e8c58c7') in 0.019307 seconds
Number of updated asset objects reloaded before import = 0
Number of asset objects unloaded after import = 1
========================================================================
Received Import Request.
  Time since last request: 0.000023 seconds.
  path: Assets/Unity.VisualScripting.Generated/VisualScripting.Core/Property Providers/Editor/PropertyProvider_UnityEngine_InputSystem_PlayerInputManager_PlayerJoinedEvent.cs
  artifactKey: Guid(216348750cd46b841800c1772dcd81f1) Importer(2089858483,0ecaa5967403d082aa24f35e1b516d23)
Start importing Assets/Unity.VisualScripting.Generated/VisualScripting.Core/Property Providers/Editor/PropertyProvider_UnityEngine_InputSystem_PlayerInputManager_PlayerJoinedEvent.cs using Guid(216348750cd46b841800c1772dcd81f1) Importer(2089858483,0ecaa5967403d082aa24f35e1b516d23)  -> (artifact id: 'c9c2984d399466a8da466d843fe97ccf') in 0.020225 seconds
Number of updated asset objects reloaded before import = 0
Number of asset objects unloaded after import = 1
========================================================================
Received Import Request.
  Time since last request: 0.000033 seconds.
  path: Assets/Unity.VisualScripting.Generated/VisualScripting.Core/Property Providers/PropertyProvider_UnityEngine_UI_Scrollbar_ScrollEvent.cs
  artifactKey: Guid(99b951a8e2d0b0a419fbb79360f37ea4) Importer(2089858483,0ecaa5967403d082aa24f35e1b516d23)
Start importing Assets/Unity.VisualScripting.Generated/VisualScripting.Core/Property Providers/PropertyProvider_UnityEngine_UI_Scrollbar_ScrollEvent.cs using Guid(99b951a8e2d0b0a419fbb79360f37ea4) Importer(2089858483,0ecaa5967403d082aa24f35e1b516d23)  -> (artifact id: '82c6cd0b2236cba54d46ec2c4a7c7e0b') in 0.038124 seconds
Number of updated asset objects reloaded before import = 0
Number of asset objects unloaded after import = 1
========================================================================
Received Import Request.
  Time since last request: 0.000027 seconds.
  path: Assets/Unity.VisualScripting.Generated/VisualScripting.Core/Property Providers/PropertyProvider_UnityEngine_UI_SpriteState.cs
  artifactKey: Guid(f3075472822bfcd46a0ca37856f2e917) Importer(2089858483,0ecaa5967403d082aa24f35e1b516d23)
Start importing Assets/Unity.VisualScripting.Generated/VisualScripting.Core/Property Providers/PropertyProvider_UnityEngine_UI_SpriteState.cs using Guid(f3075472822bfcd46a0ca37856f2e917) Importer(2089858483,0ecaa5967403d082aa24f35e1b516d23)  -> (artifact id: '70859cc13531031fa06ea40d67426990') in 0.019457 seconds
Number of updated asset objects reloaded before import = 0
Number of asset objects unloaded after import = 1
========================================================================
Received Import Request.
  Time since last request: 0.000033 seconds.
  path: Assets/Unity.VisualScripting.Generated/VisualScripting.Core/Property Providers/PropertyProvider_UnityEngine_Events_UnityEvent.cs
  artifactKey: Guid(a201afbdcd9bfb14bb02cbb3c3d934fb) Importer(2089858483,0ecaa5967403d082aa24f35e1b516d23)
Start importing Assets/Unity.VisualScripting.Generated/VisualScripting.Core/Property Providers/PropertyProvider_UnityEngine_Events_UnityEvent.cs using Guid(a201afbdcd9bfb14bb02cbb3c3d934fb) Importer(2089858483,0ecaa5967403d082aa24f35e1b516d23)  -> (artifact id: 'b73d4bc25439909ca69083a64805afdd') in 0.014300 seconds
Number of updated asset objects reloaded before import = 0
Number of asset objects unloaded after import = 1
========================================================================
Received Import Request.
  Time since last request: 0.000085 seconds.
  path: Assets/Unity.VisualScripting.Generated/VisualScripting.Core/Property Providers/Editor/PropertyProvider_UnityEngine_ProBuilder_Shapes_Cone.cs
  artifactKey: Guid(8392d46accbf2f94db42b628f36945ed) Importer(2089858483,0ecaa5967403d082aa24f35e1b516d23)
Start importing Assets/Unity.VisualScripting.Generated/VisualScripting.Core/Property Providers/Editor/PropertyProvider_UnityEngine_ProBuilder_Shapes_Cone.cs using Guid(8392d46accbf2f94db42b628f36945ed) Importer(2089858483,0ecaa5967403d082aa24f35e1b516d23)  -> (artifact id: '8074d96ade045145b882b7fab2f2785c') in 0.014707 seconds
Number of updated asset objects reloaded before import = 0
Number of asset objects unloaded after import = 1
========================================================================
Received Import Request.
  Time since last request: 0.000023 seconds.
  path: Assets/Unity.VisualScripting.Generated/VisualScripting.Core/Property Providers/PropertyProvider_UnityEngine_TextCore_GlyphRect.cs
  artifactKey: Guid(0b5a6f5cc2d1eb545a201b19d48b4353) Importer(2089858483,0ecaa5967403d082aa24f35e1b516d23)
Start importing Assets/Unity.VisualScripting.Generated/VisualScripting.Core/Property Providers/PropertyProvider_UnityEngine_TextCore_GlyphRect.cs using Guid(0b5a6f5cc2d1eb545a201b19d48b4353) Importer(2089858483,0ecaa5967403d082aa24f35e1b516d23)  -> (artifact id: 'c3997c4e26e22fe58dcac7e726258f9e') in 0.014745 seconds
Number of updated asset objects reloaded before import = 0
Number of asset objects unloaded after import = 1
========================================================================
Received Import Request.
  Time since last request: 0.000026 seconds.
  path: Assets/Unity.VisualScripting.Generated/VisualScripting.Core/Property Providers/PropertyProvider_TMPro_HorizontalAlignmentOptions.cs
  artifactKey: Guid(38e23e0f916726b43aacaf126ab4b122) Importer(2089858483,0ecaa5967403d082aa24f35e1b516d23)
Start importing Assets/Unity.VisualScripting.Generated/VisualScripting.Core/Property Providers/PropertyProvider_TMPro_HorizontalAlignmentOptions.cs using Guid(38e23e0f916726b43aacaf126ab4b122) Importer(2089858483,0ecaa5967403d082aa24f35e1b516d23)  -> (artifact id: '169055418991496eefd9dc26a0cc2d5e') in 0.016445 seconds
Number of updated asset objects reloaded before import = 0
Number of asset objects unloaded after import = 1
========================================================================
Received Import Request.
  Time since last request: 0.000027 seconds.
  path: Assets/Unity.VisualScripting.Generated/VisualScripting.Core/Property Providers/PropertyProvider_TMPro_TMP_Character.cs
  artifactKey: Guid(9ae1c14c299c21e44a268a1229be0c04) Importer(2089858483,0ecaa5967403d082aa24f35e1b516d23)
Start importing Assets/Unity.VisualScripting.Generated/VisualScripting.Core/Property Providers/PropertyProvider_TMPro_TMP_Character.cs using Guid(9ae1c14c299c21e44a268a1229be0c04) Importer(2089858483,0ecaa5967403d082aa24f35e1b516d23)  -> (artifact id: 'f227f3771e53c7110588492ca1555829') in 0.020039 seconds
Number of updated asset objects reloaded before import = 0
Number of asset objects unloaded after import = 1
========================================================================
Received Import Request.
  Time since last request: 0.000023 seconds.
  path: Assets/Unity.VisualScripting.Generated/VisualScripting.Core/Property Providers/Editor/PropertyProvider_UnityEngine_InputSystem_PlayerInput_ControlsChangedEvent.cs
  artifactKey: Guid(850159b23946aed4e9c5a3cdba6b40b4) Importer(2089858483,0ecaa5967403d082aa24f35e1b516d23)
Start importing Assets/Unity.VisualScripting.Generated/VisualScripting.Core/Property Providers/Editor/PropertyProvider_UnityEngine_InputSystem_PlayerInput_ControlsChangedEvent.cs using Guid(850159b23946aed4e9c5a3cdba6b40b4) Importer(2089858483,0ecaa5967403d082aa24f35e1b516d23)  -> (artifact id: 'b77e0fc872e1b7d71d4519eef49e1ea8') in 0.017215 seconds
Number of updated asset objects reloaded before import = 0
Number of asset objects unloaded after import = 1
========================================================================
Received Import Request.
  Time since last request: 0.000022 seconds.
  path: Assets/Unity.VisualScripting.Generated/VisualScripting.Core/Property Providers/PropertyProvider_UnityEngine_ParticleSystem_MinMaxCurve.cs
  artifactKey: Guid(66b6e56f9f6028f499aee64d301d01ab) Importer(2089858483,0ecaa5967403d082aa24f35e1b516d23)
Start importing Assets/Unity.VisualScripting.Generated/VisualScripting.Core/Property Providers/PropertyProvider_UnityEngine_ParticleSystem_MinMaxCurve.cs using Guid(66b6e56f9f6028f499aee64d301d01ab) Importer(2089858483,0ecaa5967403d082aa24f35e1b516d23)  -> (artifact id: 'e1a97421aa0832c227351946ae8d410d') in 0.016206 seconds
Number of updated asset objects reloaded before import = 0
Number of asset objects unloaded after import = 1
========================================================================
Received Import Request.
  Time since last request: 0.000022 seconds.
  path: Assets/Unity.VisualScripting.Generated/VisualScripting.Core/Property Providers/Editor/PropertyProvider_UnityEngine_ProBuilder_Shapes_Cylinder.cs
  artifactKey: Guid(c2fb6b803aeb44f4a9e97b37c8ba75f0) Importer(2089858483,0ecaa5967403d082aa24f35e1b516d23)
Start importing Assets/Unity.VisualScripting.Generated/VisualScripting.Core/Property Providers/Editor/PropertyProvider_UnityEngine_ProBuilder_Shapes_Cylinder.cs using Guid(c2fb6b803aeb44f4a9e97b37c8ba75f0) Importer(2089858483,0ecaa5967403d082aa24f35e1b516d23)  -> (artifact id: '09ac5866ff6b1037f91aec02bef8a52f') in 0.014564 seconds
Number of updated asset objects reloaded before import = 0
Number of asset objects unloaded after import = 1
========================================================================
Received Import Request.
  Time since last request: 0.000022 seconds.
  path: Assets/Unity.VisualScripting.Generated/VisualScripting.Core/Property Providers/PropertyProvider_UnityEngine_UI_InputField_SubmitEvent.cs
  artifactKey: Guid(82d571525880bc247ba6fc40ba23ba31) Importer(2089858483,0ecaa5967403d082aa24f35e1b516d23)
Start importing Assets/Unity.VisualScripting.Generated/VisualScripting.Core/Property Providers/PropertyProvider_UnityEngine_UI_InputField_SubmitEvent.cs using Guid(82d571525880bc247ba6fc40ba23ba31) Importer(2089858483,0ecaa5967403d082aa24f35e1b516d23)  -> (artifact id: '42cc78d474c460834105eb03bdd8b285') in 0.018950 seconds
Number of updated asset objects reloaded before import = 0
Number of asset objects unloaded after import = 1
========================================================================
Received Import Request.
  Time since last request: 0.000019 seconds.
  path: Assets/Unity.VisualScripting.Generated/VisualScripting.Core/Property Providers/PropertyProvider_TMPro_TMP_GlyphPairAdjustmentRecord.cs
  artifactKey: Guid(9e059fe9280b901478db8ea4a99c5761) Importer(2089858483,0ecaa5967403d082aa24f35e1b516d23)
Start importing Assets/Unity.VisualScripting.Generated/VisualScripting.Core/Property Providers/PropertyProvider_TMPro_TMP_GlyphPairAdjustmentRecord.cs using Guid(9e059fe9280b901478db8ea4a99c5761) Importer(2089858483,0ecaa5967403d082aa24f35e1b516d23)  -> (artifact id: 'dddabe596a9868519e6aff8b5e435c9e') in 0.022108 seconds
Number of updated asset objects reloaded before import = 0
Number of asset objects unloaded after import = 1
========================================================================
Received Import Request.
  Time since last request: 0.000025 seconds.
  path: Assets/Unity.VisualScripting.Generated/VisualScripting.Core/Property Providers/PropertyProvider_TMPro_TMP_SpriteCharacter.cs
  artifactKey: Guid(3e1fa38d371f1eb4f84d96579359a7f8) Importer(2089858483,0ecaa5967403d082aa24f35e1b516d23)
Start importing Assets/Unity.VisualScripting.Generated/VisualScripting.Core/Property Providers/PropertyProvider_TMPro_TMP_SpriteCharacter.cs using Guid(3e1fa38d371f1eb4f84d96579359a7f8) Importer(2089858483,0ecaa5967403d082aa24f35e1b516d23)  -> (artifact id: 'a7d70c8882d082c0bcf1f22b2d04a834') in 0.027876 seconds
Number of updated asset objects reloaded before import = 0
Number of asset objects unloaded after import = 1
========================================================================
Received Import Request.
  Time since last request: 0.000024 seconds.
  path: Assets/Unity.VisualScripting.Generated/VisualScripting.Core/Property Providers/Editor/PropertyProvider_UnityEngine_ProBuilder_Shapes_Door.cs
  artifactKey: Guid(9919fe16f50d1714ca24af0511b59c8c) Importer(2089858483,0ecaa5967403d082aa24f35e1b516d23)
Start importing Assets/Unity.VisualScripting.Generated/VisualScripting.Core/Property Providers/Editor/PropertyProvider_UnityEngine_ProBuilder_Shapes_Door.cs using Guid(9919fe16f50d1714ca24af0511b59c8c) Importer(2089858483,0ecaa5967403d082aa24f35e1b516d23)  -> (artifact id: 'a6993489db6bd7d9247e7c4d0f6efc06') in 0.021458 seconds
Number of updated asset objects reloaded before import = 0
Number of asset objects unloaded after import = 1
========================================================================
Received Import Request.
  Time since last request: 0.000025 seconds.
  path: Assets/Unity.VisualScripting.Generated/VisualScripting.Core/Property Providers/PropertyProvider_UnityEngine_UI_Navigation.cs
  artifactKey: Guid(311b5808efbf1024b9469cca6af2c078) Importer(2089858483,0ecaa5967403d082aa24f35e1b516d23)
Start importing Assets/Unity.VisualScripting.Generated/VisualScripting.Core/Property Providers/PropertyProvider_UnityEngine_UI_Navigation.cs using Guid(311b5808efbf1024b9469cca6af2c078) Importer(2089858483,0ecaa5967403d082aa24f35e1b516d23)  -> (artifact id: '9b17f70157015a57815f96c52de11050') in 0.016508 seconds
Number of updated asset objects reloaded before import = 0
Number of asset objects unloaded after import = 1
========================================================================
Received Import Request.
  Time since last request: 0.000023 seconds.
  path: Assets/Unity.VisualScripting.Generated/VisualScripting.Core/Property Providers/PropertyProvider_TMPro_TMP_InputField_SubmitEvent.cs
  artifactKey: Guid(c44ebf44fe1d1014b83e5f93c160e6d1) Importer(2089858483,0ecaa5967403d082aa24f35e1b516d23)
Start importing Assets/Unity.VisualScripting.Generated/VisualScripting.Core/Property Providers/PropertyProvider_TMPro_TMP_InputField_SubmitEvent.cs using Guid(c44ebf44fe1d1014b83e5f93c160e6d1) Importer(2089858483,0ecaa5967403d082aa24f35e1b516d23)  -> (artifact id: '14c4af44a37f8ca3a357db5a5459ab3a') in 0.017144 seconds
Number of updated asset objects reloaded before import = 0
Number of asset objects unloaded after import = 1
========================================================================
Received Import Request.
  Time since last request: 0.000022 seconds.
  path: Assets/Unity.VisualScripting.Generated/VisualScripting.Core/Property Providers/Editor/PropertyProvider_UnityEngine_InputSystem_InputAction.cs
  artifactKey: Guid(494627b463b2a434a824c564bb40fd18) Importer(2089858483,0ecaa5967403d082aa24f35e1b516d23)
Start importing Assets/Unity.VisualScripting.Generated/VisualScripting.Core/Property Providers/Editor/PropertyProvider_UnityEngine_InputSystem_InputAction.cs using Guid(494627b463b2a434a824c564bb40fd18) Importer(2089858483,0ecaa5967403d082aa24f35e1b516d23)  -> (artifact id: 'cea5ac7e9b934a503bd5ccd58ce5f48e') in 0.016949 seconds
Number of updated asset objects reloaded before import = 0
Number of asset objects unloaded after import = 1
========================================================================
Received Import Request.
  Time since last request: 0.000023 seconds.
  path: Assets/Unity.VisualScripting.Generated/VisualScripting.Core/Property Providers/PropertyProvider_TMPro_TextAlignmentOptions.cs
  artifactKey: Guid(3a72113c6be1ce647be8eeafff062495) Importer(2089858483,0ecaa5967403d082aa24f35e1b516d23)
Start importing Assets/Unity.VisualScripting.Generated/VisualScripting.Core/Property Providers/PropertyProvider_TMPro_TextAlignmentOptions.cs using Guid(3a72113c6be1ce647be8eeafff062495) Importer(2089858483,0ecaa5967403d082aa24f35e1b516d23)  -> (artifact id: 'f509f904b3e0d9e15c0a20fc87abae01') in 0.015680 seconds
Number of updated asset objects reloaded before import = 0
Number of asset objects unloaded after import = 1
========================================================================
Received Import Request.
  Time since last request: 0.000021 seconds.
  path: Assets/Unity.VisualScripting.Generated/VisualScripting.Core/Property Providers/PropertyProvider_UnityEngine_UI_Toggle_ToggleEvent.cs
  artifactKey: Guid(eb986de02e549864485e9e0a99f84e97) Importer(2089858483,0ecaa5967403d082aa24f35e1b516d23)
Start importing Assets/Unity.VisualScripting.Generated/VisualScripting.Core/Property Providers/PropertyProvider_UnityEngine_UI_Toggle_ToggleEvent.cs using Guid(eb986de02e549864485e9e0a99f84e97) Importer(2089858483,0ecaa5967403d082aa24f35e1b516d23)  -> (artifact id: 'dffc71fc56fb9f52c37af9e4b832149a') in 0.015599 seconds
Number of updated asset objects reloaded before import = 0
Number of asset objects unloaded after import = 1
========================================================================
Received Import Request.
  Time since last request: 0.000024 seconds.
  path: Assets/Unity.VisualScripting.Generated/VisualScripting.Core/Property Providers/Editor/PropertyProvider_UnityEngine_ProBuilder_Shapes_Pipe.cs
  artifactKey: Guid(996c10b29a2b1234e95120161c301787) Importer(2089858483,0ecaa5967403d082aa24f35e1b516d23)
Start importing Assets/Unity.VisualScripting.Generated/VisualScripting.Core/Property Providers/Editor/PropertyProvider_UnityEngine_ProBuilder_Shapes_Pipe.cs using Guid(996c10b29a2b1234e95120161c301787) Importer(2089858483,0ecaa5967403d082aa24f35e1b516d23)  -> (artifact id: '49d003ad0a6e6ab718a387e152a97730') in 0.021342 seconds
Number of updated asset objects reloaded before import = 0
Number of asset objects unloaded after import = 1
========================================================================
Received Import Request.
  Time since last request: 0.000032 seconds.
  path: Assets/Unity.VisualScripting.Generated/VisualScripting.Core/Property Providers/PropertyProvider_UnityEngine_Events_UnityEventBase.cs
  artifactKey: Guid(01da4d16fd1999941a4cbb43a02c189b) Importer(2089858483,0ecaa5967403d082aa24f35e1b516d23)
Start importing Assets/Unity.VisualScripting.Generated/VisualScripting.Core/Property Providers/PropertyProvider_UnityEngine_Events_UnityEventBase.cs using Guid(01da4d16fd1999941a4cbb43a02c189b) Importer(2089858483,0ecaa5967403d082aa24f35e1b516d23)  -> (artifact id: 'ef4bc50e50e27431254ed1329ad52d25') in 0.017790 seconds
Number of updated asset objects reloaded before import = 0
Number of asset objects unloaded after import = 1
========================================================================
Received Import Request.
  Time since last request: 0.000039 seconds.
  path: Assets/Unity.VisualScripting.Generated/VisualScripting.Core
  artifactKey: Guid(7c696882ddcd0a041b02472e76e7f1d2) Importer(2089858483,0ecaa5967403d082aa24f35e1b516d23)
Start importing Assets/Unity.VisualScripting.Generated/VisualScripting.Core using Guid(7c696882ddcd0a041b02472e76e7f1d2) Importer(2089858483,0ecaa5967403d082aa24f35e1b516d23)  -> (artifact id: 'eda0da9cad717dc82a6eb9995f06fee5') in 0.014385 seconds
Number of updated asset objects reloaded before import = 0
Number of asset objects unloaded after import = 1
========================================================================
Received Import Request.
  Time since last request: 0.000041 seconds.
  path: Assets/Unity.VisualScripting.Generated/VisualScripting.Core/Property Providers/Editor/PropertyProvider_Cinemachine_CinemachineTriggerAction_ActionSettings_TriggerEvent.cs
  artifactKey: Guid(46ea8e32afdac3e44b463e18d16f52d4) Importer(2089858483,0ecaa5967403d082aa24f35e1b516d23)
Start importing Assets/Unity.VisualScripting.Generated/VisualScripting.Core/Property Providers/Editor/PropertyProvider_Cinemachine_CinemachineTriggerAction_ActionSettings_TriggerEvent.cs using Guid(46ea8e32afdac3e44b463e18d16f52d4) Importer(2089858483,0ecaa5967403d082aa24f35e1b516d23)  -> (artifact id: 'c5e3634751f7adab08836614e469527b') in 0.026256 seconds
Number of updated asset objects reloaded before import = 0
Number of asset objects unloaded after import = 1
========================================================================
Received Import Request.
  Time since last request: 0.000021 seconds.
  path: Assets/Unity.VisualScripting.Generated/VisualScripting.Core/Property Providers/PropertyProvider_TMPro_TMP_FontWeightPair.cs
  artifactKey: Guid(fd39dc029ad27ae48a9830797ad8f6e7) Importer(2089858483,0ecaa5967403d082aa24f35e1b516d23)
Start importing Assets/Unity.VisualScripting.Generated/VisualScripting.Core/Property Providers/PropertyProvider_TMPro_TMP_FontWeightPair.cs using Guid(fd39dc029ad27ae48a9830797ad8f6e7) Importer(2089858483,0ecaa5967403d082aa24f35e1b516d23)  -> (artifact id: '4e2f579df45e93a668702e5017b98abf') in 0.022674 seconds
Number of updated asset objects reloaded before import = 0
Number of asset objects unloaded after import = 1
========================================================================
Received Import Request.
  Time since last request: 0.000032 seconds.
  path: Assets/Unity.VisualScripting.Generated/VisualScripting.Core/Property Providers/PropertyProvider_Unity_Mathematics_bool2x2.cs
  artifactKey: Guid(ec87b4b5262761045a34c386343c1e5d) Importer(2089858483,0ecaa5967403d082aa24f35e1b516d23)
Start importing Assets/Unity.VisualScripting.Generated/VisualScripting.Core/Property Providers/PropertyProvider_Unity_Mathematics_bool2x2.cs using Guid(ec87b4b5262761045a34c386343c1e5d) Importer(2089858483,0ecaa5967403d082aa24f35e1b516d23)  -> (artifact id: 'a486ac3cd84f8b76c261abf3a82bfaa2') in 0.018538 seconds
Number of updated asset objects reloaded before import = 0
Number of asset objects unloaded after import = 1
========================================================================
Received Import Request.
  Time since last request: 0.000021 seconds.
  path: Assets/Unity.VisualScripting.Generated/VisualScripting.Core/Property Providers/PropertyProvider_UnityEngine_TextCore_Text_Character.cs
  artifactKey: Guid(2dc397ce9700f4b43a538ee4b699dafe) Importer(2089858483,0ecaa5967403d082aa24f35e1b516d23)
Start importing Assets/Unity.VisualScripting.Generated/VisualScripting.Core/Property Providers/PropertyProvider_UnityEngine_TextCore_Text_Character.cs using Guid(2dc397ce9700f4b43a538ee4b699dafe) Importer(2089858483,0ecaa5967403d082aa24f35e1b516d23)  -> (artifact id: 'a34acd459aaba41703acc22c3d937a52') in 0.022498 seconds
Number of updated asset objects reloaded before import = 0
Number of asset objects unloaded after import = 1
========================================================================
Received Import Request.
  Time since last request: 0.000372 seconds.
  path: Assets/Unity.VisualScripting.Generated/VisualScripting.Core/Property Providers/Editor/PropertyProvider_UnityEngine_InputSystem_InputActionProperty.cs
  artifactKey: Guid(cde9c4569411a9b4fb459f6ddd8b0c18) Importer(2089858483,0ecaa5967403d082aa24f35e1b516d23)
Start importing Assets/Unity.VisualScripting.Generated/VisualScripting.Core/Property Providers/Editor/PropertyProvider_UnityEngine_InputSystem_InputActionProperty.cs using Guid(cde9c4569411a9b4fb459f6ddd8b0c18) Importer(2089858483,0ecaa5967403d082aa24f35e1b516d23)  -> (artifact id: 'bafd1e36821ae176d4740319da381404') in 0.022388 seconds
Number of updated asset objects reloaded before import = 0
Number of asset objects unloaded after import = 1
========================================================================
Received Import Request.
  Time since last request: 0.000020 seconds.
  path: Assets/Unity.VisualScripting.Generated/VisualScripting.Core/Property Providers/PropertyProvider_UnityEngine_TextCore_Glyph.cs
  artifactKey: Guid(2a6dab8fc017ac64c9ef26f556ddbf63) Importer(2089858483,0ecaa5967403d082aa24f35e1b516d23)
Start importing Assets/Unity.VisualScripting.Generated/VisualScripting.Core/Property Providers/PropertyProvider_UnityEngine_TextCore_Glyph.cs using Guid(2a6dab8fc017ac64c9ef26f556ddbf63) Importer(2089858483,0ecaa5967403d082aa24f35e1b516d23)  -> (artifact id: 'bd580058979270d28726ab78d0870ef7') in 0.021750 seconds
Number of updated asset objects reloaded before import = 0
Number of asset objects unloaded after import = 1
========================================================================
Received Import Request.
  Time since last request: 0.000021 seconds.
  path: Assets/Unity.VisualScripting.Generated/VisualScripting.Core/Property Providers/Editor/PropertyProvider_Cinemachine_CinemachineBrain_VcamActivatedEvent.cs
  artifactKey: Guid(54b314c1a74234b4c8582da54e788c1e) Importer(2089858483,0ecaa5967403d082aa24f35e1b516d23)
Start importing Assets/Unity.VisualScripting.Generated/VisualScripting.Core/Property Providers/Editor/PropertyProvider_Cinemachine_CinemachineBrain_VcamActivatedEvent.cs using Guid(54b314c1a74234b4c8582da54e788c1e) Importer(2089858483,0ecaa5967403d082aa24f35e1b516d23)  -> (artifact id: '37f539890a8daf2d23a031ca72dfc56e') in 0.017659 seconds
Number of updated asset objects reloaded before import = 0
Number of asset objects unloaded after import = 1
========================================================================
Received Prepare
Begin MonoManager ReloadAssembly
- Loaded All Assemblies, in  1.420 seconds
Refreshing native plugins compatible for Editor in 8.38 ms, found 4 plugins.
Native extension for WindowsStandalone target not found
Mono: successfully reloaded assembly
- Finished resetting the current domain, in  2.015 seconds
Domain Reload Profiling: 3428ms
	BeginReloadAssembly (274ms)
		ExecutionOrderSort (0ms)
		DisableScriptedObjects (17ms)
		BackupInstance (0ms)
		ReleaseScriptingObjects (0ms)
		CreateAndSetChildDomain (93ms)
	RebuildCommonClasses (64ms)
	RebuildNativeTypeToScriptingClass (22ms)
	initialDomainReloadingComplete (50ms)
	LoadAllAssembliesAndSetupDomain (1003ms)
		LoadAssemblies (486ms)
		RebuildTransferFunctionScriptingTraits (0ms)
		AnalyzeDomain (613ms)
			TypeCache.Refresh (576ms)
				TypeCache.ScanAssembly (552ms)
			ScanForSourceGeneratedMonoScriptInfo (14ms)
			ResolveRequiredComponents (24ms)
	FinalizeReload (2015ms)
		ReleaseScriptCaches (0ms)
		RebuildScriptCaches (0ms)
		SetupLoadedEditorAssemblies (706ms)
			LogAssemblyErrors (0ms)
			InitializePlatformSupportModulesInManaged (7ms)
			SetLoadedEditorAssemblies (6ms)
			RefreshPlugins (0ms)
			BeforeProcessingInitializeOnLoad (118ms)
			ProcessInitializeOnLoadAttributes (470ms)
			ProcessInitializeOnLoadMethodAttributes (99ms)
			AfterProcessingInitializeOnLoad (6ms)
			EditorAssembliesLoaded (0ms)
		ExecutionOrderSort2 (0ms)
		AwakeInstancesAfterBackupRestoration (18ms)
Refreshing native plugins compatible for Editor in 6.82 ms, found 4 plugins.
Preloading 0 native plugins for Editor in 0.00 ms.
Unloading 6507 Unused Serialized files (Serialized files now loaded: 0)
Unloading 68 unused Assets / (1.1 MB). Loaded Objects now: 7150.
Memory consumption went from 217.9 MB to 216.9 MB.
Total: 6.381200 ms (FindLiveObjects: 0.993700 ms CreateObjectMapping: 0.835800 ms MarkObjects: 3.859000 ms  DeleteObjects: 0.691300 ms)

Prepare: number of updated asset objects reloaded= 0
AssetImportParameters requested are different than current active one (requested -> active):
  custom:container-demuxer-ogg: 62fdf1f143b41e24485cea50d1cbac27 -> 
  custom:framework-win-MediaFoundation: 216162199b28c13a410421893ffa2e32 -> 
  custom:container-muxer-webm: aa71ff27fc2769a1b78a27578f13a17b -> 
  custom:video-decoder-webm-vp8: 9c59270c3fd7afecdb556c50c9e8de78 -> 
  custom:SearchIndexIgnoredProperties: e643bd26f0fe6173181afceb89e7c659 -> 
  custom:AudioImporter_EditorPlatform: d09bf68614088b80899f8185d706f6e7 -> 
  custom:audio-decoder-ogg-vorbis: bf7c407c2cedff20999df2af8eb42d56 -> 
  custom:audio-encoder-webm-vorbis: bf7c407c2cedff20999df2af8eb42d56 -> 
  custom:video-codec-MediaFoundation-h265: 746d11721c4dcdbdad8f713fa42b33f4 -> 
  custom:video-decoder-ogg-theora: a1e56fd34408186e4bbccfd4996cb3dc -> 
  custom:container-demuxer-webm: 4f35f7cbe854078d1ac9338744f61a02 -> 
  custom:video-encoder-webm-vp8: eb34c28f22e8b96e1ab97ce403110664 -> 
